INFO:numexpr.utils:NumExpr defaulting to 8 threads.
INFO:numexpr.utils:NumExpr defaulting to 8 threads.
INFO:root:Ran with args: (<__main__.TheAlgorithm object at 0x000002A469535450>,), and kwargs: {}
INFO:root:Ran with args: (<__main__.Normalize object at 0x000002A468121150>,        pixel1  pixel2  pixel3  pixel4  ...  pixel781  pixel782  pixel783  pixel784
47339     0.0     0.0     0.0     0.0  ...       0.0       0.0       0.0       0.0
67456     0.0     0.0     0.0     0.0  ...       0.0       0.0       0.0       0.0
12308     0.0     0.0     0.0     0.0  ...       0.0       0.0       0.0       0.0
32557     0.0     0.0     0.0     0.0  ...       0.0       0.0       0.0       0.0
664       0.0     0.0     0.0     0.0  ...       0.0       0.0       0.0       0.0
...       ...     ...     ...     ...  ...       ...       ...       ...       ...
37194     0.0     0.0     0.0     0.0  ...       0.0       0.0       0.0       0.0
6265      0.0     0.0     0.0     0.0  ...       0.0       0.0       0.0       0.0
54886     0.0     0.0     0.0     0.0  ...       0.0       0.0       0.0       0.0
860       0.0     0.0     0.0     0.0  ...       0.0       0.0       0.0       0.0
15795     0.0     0.0     0.0     0.0  ...       0.0       0.0       0.0       0.0

[56000 rows x 784 columns],        pixel1  pixel2  pixel3  pixel4  ...  pixel781  pixel782  pixel783  pixel784
46730     0.0     0.0     0.0     0.0  ...       0.0       0.0       0.0       0.0
48393     0.0     0.0     0.0     0.0  ...       0.0       0.0       0.0       0.0
41416     0.0     0.0     0.0     0.0  ...       0.0       0.0       0.0       0.0
34506     0.0     0.0     0.0     0.0  ...       0.0       0.0       0.0       0.0
43725     0.0     0.0     0.0     0.0  ...       0.0       0.0       0.0       0.0
...       ...     ...     ...     ...  ...       ...       ...       ...       ...
21525     0.0     0.0     0.0     0.0  ...       0.0       0.0       0.0       0.0
16276     0.0     0.0     0.0     0.0  ...       0.0       0.0       0.0       0.0
24390     0.0     0.0     0.0     0.0  ...       0.0       0.0       0.0       0.0
28061     0.0     0.0     0.0     0.0  ...       0.0       0.0       0.0       0.0
63452     0.0     0.0     0.0     0.0  ...       0.0       0.0       0.0       0.0

[14000 rows x 784 columns]), and kwargs: {}
INFO:root:Ran with args: (<__main__.TheAlgorithm object at 0x000002A469535450>,), and kwargs: {}
INFO:numexpr.utils:NumExpr defaulting to 8 threads.
INFO:root:Ran with args: (<__main__.TheAlgorithm object at 0x000001D7C00754D0>,), and kwargs: {}
INFO:root:Ran with args: (<__main__.Normalize object at 0x000001D7C4988BD0>,        pixel1  pixel2  pixel3  pixel4  ...  pixel781  pixel782  pixel783  pixel784
47339     0.0     0.0     0.0     0.0  ...       0.0       0.0       0.0       0.0
67456     0.0     0.0     0.0     0.0  ...       0.0       0.0       0.0       0.0
12308     0.0     0.0     0.0     0.0  ...       0.0       0.0       0.0       0.0
32557     0.0     0.0     0.0     0.0  ...       0.0       0.0       0.0       0.0
664       0.0     0.0     0.0     0.0  ...       0.0       0.0       0.0       0.0
...       ...     ...     ...     ...  ...       ...       ...       ...       ...
37194     0.0     0.0     0.0     0.0  ...       0.0       0.0       0.0       0.0
6265      0.0     0.0     0.0     0.0  ...       0.0       0.0       0.0       0.0
54886     0.0     0.0     0.0     0.0  ...       0.0       0.0       0.0       0.0
860       0.0     0.0     0.0     0.0  ...       0.0       0.0       0.0       0.0
15795     0.0     0.0     0.0     0.0  ...       0.0       0.0       0.0       0.0

[56000 rows x 784 columns],        pixel1  pixel2  pixel3  pixel4  ...  pixel781  pixel782  pixel783  pixel784
46730     0.0     0.0     0.0     0.0  ...       0.0       0.0       0.0       0.0
48393     0.0     0.0     0.0     0.0  ...       0.0       0.0       0.0       0.0
41416     0.0     0.0     0.0     0.0  ...       0.0       0.0       0.0       0.0
34506     0.0     0.0     0.0     0.0  ...       0.0       0.0       0.0       0.0
43725     0.0     0.0     0.0     0.0  ...       0.0       0.0       0.0       0.0
...       ...     ...     ...     ...  ...       ...       ...       ...       ...
21525     0.0     0.0     0.0     0.0  ...       0.0       0.0       0.0       0.0
16276     0.0     0.0     0.0     0.0  ...       0.0       0.0       0.0       0.0
24390     0.0     0.0     0.0     0.0  ...       0.0       0.0       0.0       0.0
28061     0.0     0.0     0.0     0.0  ...       0.0       0.0       0.0       0.0
63452     0.0     0.0     0.0     0.0  ...       0.0       0.0       0.0       0.0

[14000 rows x 784 columns]), and kwargs: {}
INFO:root:Ran with args: (<__main__.TheAlgorithm object at 0x000001D7C00754D0>,), and kwargs: {}
INFO:numexpr.utils:NumExpr defaulting to 8 threads.
INFO:root:Ran with args: (<__main__.TheAlgorithm object at 0x0000018B7ACD8F50>,), and kwargs: {}
INFO:root:Ran with args: (<__main__.Normalize object at 0x0000018B798C7DD0>,        pixel1  pixel2  pixel3  pixel4  ...  pixel781  pixel782  pixel783  pixel784
47339     0.0     0.0     0.0     0.0  ...       0.0       0.0       0.0       0.0
67456     0.0     0.0     0.0     0.0  ...       0.0       0.0       0.0       0.0
12308     0.0     0.0     0.0     0.0  ...       0.0       0.0       0.0       0.0
32557     0.0     0.0     0.0     0.0  ...       0.0       0.0       0.0       0.0
664       0.0     0.0     0.0     0.0  ...       0.0       0.0       0.0       0.0
...       ...     ...     ...     ...  ...       ...       ...       ...       ...
37194     0.0     0.0     0.0     0.0  ...       0.0       0.0       0.0       0.0
6265      0.0     0.0     0.0     0.0  ...       0.0       0.0       0.0       0.0
54886     0.0     0.0     0.0     0.0  ...       0.0       0.0       0.0       0.0
860       0.0     0.0     0.0     0.0  ...       0.0       0.0       0.0       0.0
15795     0.0     0.0     0.0     0.0  ...       0.0       0.0       0.0       0.0

[56000 rows x 784 columns],        pixel1  pixel2  pixel3  pixel4  ...  pixel781  pixel782  pixel783  pixel784
46730     0.0     0.0     0.0     0.0  ...       0.0       0.0       0.0       0.0
48393     0.0     0.0     0.0     0.0  ...       0.0       0.0       0.0       0.0
41416     0.0     0.0     0.0     0.0  ...       0.0       0.0       0.0       0.0
34506     0.0     0.0     0.0     0.0  ...       0.0       0.0       0.0       0.0
43725     0.0     0.0     0.0     0.0  ...       0.0       0.0       0.0       0.0
...       ...     ...     ...     ...  ...       ...       ...       ...       ...
21525     0.0     0.0     0.0     0.0  ...       0.0       0.0       0.0       0.0
16276     0.0     0.0     0.0     0.0  ...       0.0       0.0       0.0       0.0
24390     0.0     0.0     0.0     0.0  ...       0.0       0.0       0.0       0.0
28061     0.0     0.0     0.0     0.0  ...       0.0       0.0       0.0       0.0
63452     0.0     0.0     0.0     0.0  ...       0.0       0.0       0.0       0.0

[14000 rows x 784 columns]), and kwargs: {}
INFO:root:Ran with args: (<__main__.TheAlgorithm object at 0x0000018B7ACD8F50>,), and kwargs: {}
